Using pre-set license
Built from '2022.3/staging' branch; Version is '2022.3.9f1 (ea401c316338) revision 15351836'; Using compiler version '192829333'; Build Type 'Release'
OS: 'Windows 10  (10.0.19045) 64bit Professional' Language: 'ko' Physical Memory: 32698 MB
BatchMode: 1, IsHumanControllingUs: 0, StartBugReporterOnCrash: 0, Is64bit: 1, IsPro: 1

COMMAND LINE ARGUMENTS:
C:\Program Files\Unity 2022.3.9f1\Editor\Unity.exe
-adb2
-batchMode
-noUpm
-name
AssetImportWorker2
-projectPath
C:/Users/user/Documents/GitHub/Unity_lean/Create with Code/SpaceShooter
-logFile
Logs/AssetImportWorker2.log
-srvPort
65394
Successfully changed project path to: C:/Users/user/Documents/GitHub/Unity_lean/Create with Code/SpaceShooter
C:/Users/user/Documents/GitHub/Unity_lean/Create with Code/SpaceShooter
[UnityMemory] Configuration Parameters - Can be set up in boot.config
    "memorysetup-bucket-allocator-granularity=16"
    "memorysetup-bucket-allocator-bucket-count=8"
    "memorysetup-bucket-allocator-block-size=33554432"
    "memorysetup-bucket-allocator-block-count=8"
    "memorysetup-main-allocator-block-size=16777216"
    "memorysetup-thread-allocator-block-size=16777216"
    "memorysetup-gfx-main-allocator-block-size=16777216"
    "memorysetup-gfx-thread-allocator-block-size=16777216"
    "memorysetup-cache-allocator-block-size=4194304"
    "memorysetup-typetree-allocator-block-size=2097152"
    "memorysetup-profiler-bucket-allocator-granularity=16"
    "memorysetup-profiler-bucket-allocator-bucket-count=8"
    "memorysetup-profiler-bucket-allocator-block-size=33554432"
    "memorysetup-profiler-bucket-allocator-block-count=8"
    "memorysetup-profiler-allocator-block-size=16777216"
    "memorysetup-profiler-editor-allocator-block-size=1048576"
    "memorysetup-temp-allocator-size-main=16777216"
    "memorysetup-job-temp-allocator-block-size=2097152"
    "memorysetup-job-temp-allocator-block-size-background=1048576"
    "memorysetup-job-temp-allocator-reduction-small-platforms=262144"
    "memorysetup-allocator-temp-initial-block-size-main=262144"
    "memorysetup-allocator-temp-initial-block-size-worker=262144"
    "memorysetup-temp-allocator-size-background-worker=32768"
    "memorysetup-temp-allocator-size-job-worker=262144"
    "memorysetup-temp-allocator-size-preload-manager=33554432"
    "memorysetup-temp-allocator-size-nav-mesh-worker=65536"
    "memorysetup-temp-allocator-size-audio-worker=65536"
    "memorysetup-temp-allocator-size-cloud-worker=32768"
    "memorysetup-temp-allocator-size-gi-baking-worker=262144"
    "memorysetup-temp-allocator-size-gfx=262144"
Player connection [9852] Host "[IP] 10.10.10.29 [Port] 0 [Flags] 2 [Guid] 725427058 [EditorId] 725427058 [Version] 1048832 [Id] WindowsEditor(7,DESKTOP-BQ92R2A) [Debug] 1 [PackageName] WindowsEditor [ProjectName] Editor" joined multi-casting on [225.0.0.222:54997]...

Player connection [9852] Host "[IP] 10.10.10.29 [Port] 0 [Flags] 2 [Guid] 725427058 [EditorId] 725427058 [Version] 1048832 [Id] WindowsEditor(7,DESKTOP-BQ92R2A) [Debug] 1 [PackageName] WindowsEditor [ProjectName] Editor" joined alternative multi-casting on [225.0.0.222:34997]...

[Physics::Module] Initialized MultithreadedJobDispatcher with 15 workers.
Refreshing native plugins compatible for Editor in 7.34 ms, found 3 plugins.
Preloading 0 native plugins for Editor in 0.00 ms.
Initialize engine version: 2022.3.9f1 (ea401c316338)
[Subsystems] Discovering subsystems at path C:/Program Files/Unity 2022.3.9f1/Editor/Data/Resources/UnitySubsystems
[Subsystems] Discovering subsystems at path C:/Users/user/Documents/GitHub/Unity_lean/Create with Code/SpaceShooter/Assets
GfxDevice: creating device client; threaded=0; jobified=0
Direct3D:
    Version:  Direct3D 11.0 [level 11.1]
    Renderer: NVIDIA GeForce RTX 3070 (ID=0x2488)
    Vendor:   NVIDIA
    VRAM:     8031 MB
    Driver:   31.0.15.3623
Initialize mono
Mono path[0] = 'C:/Program Files/Unity 2022.3.9f1/Editor/Data/Managed'
Mono path[1] = 'C:/Program Files/Unity 2022.3.9f1/Editor/Data/MonoBleedingEdge/lib/mono/unityjit-win32'
Mono config path = 'C:/Program Files/Unity 2022.3.9f1/Editor/Data/MonoBleedingEdge/etc'
Using monoOptions --debugger-agent=transport=dt_socket,embedding=1,server=y,suspend=n,address=127.0.0.1:56628
Begin MonoManager ReloadAssembly
Registering precompiled unity dll's ...
Register platform support module: C:/Program Files/Unity 2022.3.9f1/Editor/Data/PlaybackEngines/WindowsStandaloneSupport/UnityEditor.WindowsStandalone.Extensions.dll
Registered in 0.006028 seconds.
- Loaded All Assemblies, in  0.319 seconds
Native extension for WindowsStandalone target not found
Mono: successfully reloaded assembly
- Finished resetting the current domain, in  0.218 seconds
Domain Reload Profiling: 535ms
	BeginReloadAssembly (100ms)
		ExecutionOrderSort (0ms)
		DisableScriptedObjects (0ms)
		BackupInstance (0ms)
		ReleaseScriptingObjects (0ms)
		CreateAndSetChildDomain (1ms)
	RebuildCommonClasses (36ms)
	RebuildNativeTypeToScriptingClass (12ms)
	initialDomainReloadingComplete (53ms)
	LoadAllAssembliesAndSetupDomain (115ms)
		LoadAssemblies (98ms)
		RebuildTransferFunctionScriptingTraits (0ms)
		AnalyzeDomain (113ms)
			TypeCache.Refresh (112ms)
				TypeCache.ScanAssembly (101ms)
			ScanForSourceGeneratedMonoScriptInfo (0ms)
			ResolveRequiredComponents (0ms)
	FinalizeReload (219ms)
		ReleaseScriptCaches (0ms)
		RebuildScriptCaches (0ms)
		SetupLoadedEditorAssemblies (168ms)
			LogAssemblyErrors (0ms)
			InitializePlatformSupportModulesInManaged (7ms)
			SetLoadedEditorAssemblies (7ms)
			RefreshPlugins (0ms)
			BeforeProcessingInitializeOnLoad (2ms)
			ProcessInitializeOnLoadAttributes (108ms)
			ProcessInitializeOnLoadMethodAttributes (44ms)
			AfterProcessingInitializeOnLoad (0ms)
			EditorAssembliesLoaded (0ms)
		ExecutionOrderSort2 (0ms)
		AwakeInstancesAfterBackupRestoration (0ms)
========================================================================
Worker process is ready to serve import requests
Begin MonoManager ReloadAssembly
- Loaded All Assemblies, in  0.518 seconds
Refreshing native plugins compatible for Editor in 2.77 ms, found 3 plugins.
Native extension for WindowsStandalone target not found
Package Manager log level set to [2]
[Package Manager] Server::EnsureServerProcessIsRunning -- launch failed, reason: Unity was launched with the -noUpm command-line argument
[Package Manager] UpmClient::Send -- Unable to send message (not connected to UPM process).
[Package Manager] Cannot connect to Unity Package Manager local server
Mono: successfully reloaded assembly
- Finished resetting the current domain, in  0.458 seconds
Domain Reload Profiling: 975ms
	BeginReloadAssembly (125ms)
		ExecutionOrderSort (0ms)
		DisableScriptedObjects (5ms)
		BackupInstance (0ms)
		ReleaseScriptingObjects (0ms)
		CreateAndSetChildDomain (17ms)
	RebuildCommonClasses (30ms)
	RebuildNativeTypeToScriptingClass (10ms)
	initialDomainReloadingComplete (35ms)
	LoadAllAssembliesAndSetupDomain (315ms)
		LoadAssemblies (245ms)
		RebuildTransferFunctionScriptingTraits (0ms)
		AnalyzeDomain (143ms)
			TypeCache.Refresh (127ms)
				TypeCache.ScanAssembly (115ms)
			ScanForSourceGeneratedMonoScriptInfo (12ms)
			ResolveRequiredComponents (3ms)
	FinalizeReload (459ms)
		ReleaseScriptCaches (0ms)
		RebuildScriptCaches (0ms)
		SetupLoadedEditorAssemblies (318ms)
			LogAssemblyErrors (0ms)
			InitializePlatformSupportModulesInManaged (5ms)
			SetLoadedEditorAssemblies (2ms)
			RefreshPlugins (0ms)
			BeforeProcessingInitializeOnLoad (48ms)
			ProcessInitializeOnLoadAttributes (240ms)
			ProcessInitializeOnLoadMethodAttributes (17ms)
			AfterProcessingInitializeOnLoad (6ms)
			EditorAssembliesLoaded (0ms)
		ExecutionOrderSort2 (0ms)
		AwakeInstancesAfterBackupRestoration (11ms)
Launched and connected shader compiler UnityShaderCompiler.exe after 0.03 seconds
Refreshing native plugins compatible for Editor in 4.04 ms, found 3 plugins.
Preloading 0 native plugins for Editor in 0.00 ms.
Unloading 3069 Unused Serialized files (Serialized files now loaded: 0)
Unloading 31 unused Assets / (56.4 KB). Loaded Objects now: 3535.
Memory consumption went from 115.3 MB to 115.3 MB.
Total: 4.508100 ms (FindLiveObjects: 0.537900 ms CreateObjectMapping: 0.261900 ms MarkObjects: 3.591500 ms  DeleteObjects: 0.115900 ms)

AssetImportParameters requested are different than current active one (requested -> active):
  custom:container-demuxer-ogg: 62fdf1f143b41e24485cea50d1cbac27 -> 
  custom:video-decoder-ogg-theora: a1e56fd34408186e4bbccfd4996cb3dc -> 
  custom:framework-win-MediaFoundation: 216162199b28c13a410421893ffa2e32 -> 
  custom:CustomObjectIndexerAttribute: 756ad292c208cfabdd7b50bc23989ffe -> 
  custom:container-demuxer-webm: 4f35f7cbe854078d1ac9338744f61a02 -> 
  custom:container-muxer-webm: aa71ff27fc2769a1b78a27578f13a17b -> 
  custom:video-decoder-webm-vp8: 9c59270c3fd7afecdb556c50c9e8de78 -> 
  custom:SearchIndexIgnoredProperties: e643bd26f0fe6173181afceb89e7c659 -> 
  custom:AudioImporter_EditorPlatform: d09bf68614088b80899f8185d706f6e7 -> 
  custom:video-encoder-webm-vp8: eb34c28f22e8b96e1ab97ce403110664 -> 
  custom:audio-decoder-ogg-vorbis: bf7c407c2cedff20999df2af8eb42d56 -> 
  custom:audio-encoder-webm-vorbis: bf7c407c2cedff20999df2af8eb42d56 -> 
========================================================================
Received Import Request.
  Time since last request: 511187.435217 seconds.
  path: Assets/04.Images/YughuesFreeMetalMaterials/Materials/Textures/T_05_Diffuse.tga
  artifactKey: Guid(51b05ea1455c0f64dbd5387d62de22e1) Importer(815301076,1909f56bfc062723c751e8b465ee728b)
Start importing Assets/04.Images/YughuesFreeMetalMaterials/Materials/Textures/T_05_Diffuse.tga using Guid(51b05ea1455c0f64dbd5387d62de22e1) Importer(815301076,1909f56bfc062723c751e8b465ee728b)  -> (artifact id: 'b69035b42674a5961741d2f8100cc012') in 0.059267 seconds
Number of updated asset objects reloaded before import = 0
Number of asset objects unloaded after import = 2
========================================================================
Received Import Request.
  Time since last request: 0.000013 seconds.
  path: Assets/04.Images/YughuesFreeMetalMaterials/Materials/Textures/T_11_Specular.tga
  artifactKey: Guid(26a5a819f3afd984ea4658c19842fc91) Importer(815301076,1909f56bfc062723c751e8b465ee728b)
Start importing Assets/04.Images/YughuesFreeMetalMaterials/Materials/Textures/T_11_Specular.tga using Guid(26a5a819f3afd984ea4658c19842fc91) Importer(815301076,1909f56bfc062723c751e8b465ee728b)  -> (artifact id: '4241ccc9d1372004eb3c5dfd104d7210') in 0.017294 seconds
Number of updated asset objects reloaded before import = 0
Number of asset objects unloaded after import = 2
========================================================================
Received Import Request.
  Time since last request: 0.000023 seconds.
  path: Assets/04.Images/YughuesFreeMetalMaterials/Materials/Textures/T_09_Specular.tga
  artifactKey: Guid(23cbb8ee7779285419c0b154e731c40e) Importer(815301076,1909f56bfc062723c751e8b465ee728b)
Start importing Assets/04.Images/YughuesFreeMetalMaterials/Materials/Textures/T_09_Specular.tga using Guid(23cbb8ee7779285419c0b154e731c40e) Importer(815301076,1909f56bfc062723c751e8b465ee728b)  -> (artifact id: 'a61543eff3f3542743e1349aa05248c5') in 0.019521 seconds
Number of updated asset objects reloaded before import = 0
Number of asset objects unloaded after import = 2
========================================================================
Received Import Request.
  Time since last request: 0.000012 seconds.
  path: Assets/04.Images/YughuesFreeMetalMaterials/Materials/Textures/T_09_Normal.tga
  artifactKey: Guid(c56ea16fda03e4a429ea043548e66a62) Importer(815301076,1909f56bfc062723c751e8b465ee728b)
Start importing Assets/04.Images/YughuesFreeMetalMaterials/Materials/Textures/T_09_Normal.tga using Guid(c56ea16fda03e4a429ea043548e66a62) Importer(815301076,1909f56bfc062723c751e8b465ee728b)  -> (artifact id: '073683bb6c4667d4891da8882e4b16d6') in 0.045358 seconds
Number of updated asset objects reloaded before import = 0
Number of asset objects unloaded after import = 2
========================================================================
Received Import Request.
  Time since last request: 0.000020 seconds.
  path: Assets/04.Images/YughuesFreeMetalMaterials/Materials/Textures/T_10_Normal.tga
  artifactKey: Guid(e0ceb8567a0394b4f85cb11fdac74d36) Importer(815301076,1909f56bfc062723c751e8b465ee728b)
Start importing Assets/04.Images/YughuesFreeMetalMaterials/Materials/Textures/T_10_Normal.tga using Guid(e0ceb8567a0394b4f85cb11fdac74d36) Importer(815301076,1909f56bfc062723c751e8b465ee728b)  -> (artifact id: '85f79c4a3fa991b8188e465731b9d516') in 0.019139 seconds
Number of updated asset objects reloaded before import = 0
Number of asset objects unloaded after import = 2
========================================================================
Received Import Request.
  Time since last request: 0.000023 seconds.
  path: Assets/04.Images/YughuesFreeMetalMaterials/Materials/Textures/T_12_Normal.tga
  artifactKey: Guid(12dee78e6b4fc644fb75f9d19b8b9ba8) Importer(815301076,1909f56bfc062723c751e8b465ee728b)
Start importing Assets/04.Images/YughuesFreeMetalMaterials/Materials/Textures/T_12_Normal.tga using Guid(12dee78e6b4fc644fb75f9d19b8b9ba8) Importer(815301076,1909f56bfc062723c751e8b465ee728b)  -> (artifact id: '295c8f09c980cc44e6bc3b99c0890bce') in 0.017638 seconds
Number of updated asset objects reloaded before import = 0
Number of asset objects unloaded after import = 2
========================================================================
Received Import Request.
  Time since last request: 0.282842 seconds.
  path: Assets/04.Images/YughuesFreeMetalMaterials/Materials/Textures/T_04_Diffuse.tga
  artifactKey: Guid(34642f23da78a9f43b87e30f0b38a796) Importer(815301076,1909f56bfc062723c751e8b465ee728b)
Start importing Assets/04.Images/YughuesFreeMetalMaterials/Materials/Textures/T_04_Diffuse.tga using Guid(34642f23da78a9f43b87e30f0b38a796) Importer(815301076,1909f56bfc062723c751e8b465ee728b)  -> (artifact id: '6ad105f09db66671b06611699d4acc9f') in 0.017010 seconds
Number of updated asset objects reloaded before import = 0
Number of asset objects unloaded after import = 2
========================================================================
Received Import Request.
  Time since last request: 0.000015 seconds.
  path: Assets/04.Images/YughuesFreeMetalMaterials/Materials/Textures/T_03_Specular.tga
  artifactKey: Guid(d12195ae4fdaf7a4bbf1c1cc203a8dd9) Importer(815301076,1909f56bfc062723c751e8b465ee728b)
Start importing Assets/04.Images/YughuesFreeMetalMaterials/Materials/Textures/T_03_Specular.tga using Guid(d12195ae4fdaf7a4bbf1c1cc203a8dd9) Importer(815301076,1909f56bfc062723c751e8b465ee728b)  -> (artifact id: 'c91142100ba8ef9c7496f918d1f00654') in 0.025008 seconds
Number of updated asset objects reloaded before import = 0
Number of asset objects unloaded after import = 2
========================================================================
Received Import Request.
  Time since last request: 0.007543 seconds.
  path: Assets/04.Images/YughuesFreeMetalMaterials/Materials/Textures/T_01_Diffuse.tga
  artifactKey: Guid(329307f94867b154e8e49be96de7caad) Importer(815301076,1909f56bfc062723c751e8b465ee728b)
Start importing Assets/04.Images/YughuesFreeMetalMaterials/Materials/Textures/T_01_Diffuse.tga using Guid(329307f94867b154e8e49be96de7caad) Importer(815301076,1909f56bfc062723c751e8b465ee728b)  -> (artifact id: '5d05db3ad6d5176c82c7319b5525eeb0') in 0.017386 seconds
Number of updated asset objects reloaded before import = 0
Number of asset objects unloaded after import = 2
========================================================================
Received Import Request.
  Time since last request: 0.195883 seconds.
  path: Assets/04.Images/YughuesFreeMetalMaterials/Materials/Textures/T_12_Specular.tga
  artifactKey: Guid(d72611aa5c8088f4eb634a6f1178acd5) Importer(815301076,1909f56bfc062723c751e8b465ee728b)
Start importing Assets/04.Images/YughuesFreeMetalMaterials/Materials/Textures/T_12_Specular.tga using Guid(d72611aa5c8088f4eb634a6f1178acd5) Importer(815301076,1909f56bfc062723c751e8b465ee728b)  -> (artifact id: '31f3b89b85c2fc12070f793504d4a710') in 0.021150 seconds
Number of updated asset objects reloaded before import = 0
Number of asset objects unloaded after import = 2
========================================================================
Received Import Request.
  Time since last request: 0.013864 seconds.
  path: Assets/04.Images/YughuesFreeMetalMaterials/Materials/Textures/T_13_Specular.tga
  artifactKey: Guid(88ea2467daa61a54baba97ff1f4b2625) Importer(815301076,1909f56bfc062723c751e8b465ee728b)
Start importing Assets/04.Images/YughuesFreeMetalMaterials/Materials/Textures/T_13_Specular.tga using Guid(88ea2467daa61a54baba97ff1f4b2625) Importer(815301076,1909f56bfc062723c751e8b465ee728b)  -> (artifact id: '64f78fcaab6d660d6d297eb91865e1dd') in 0.015097 seconds
Number of updated asset objects reloaded before import = 0
Number of asset objects unloaded after import = 2
========================================================================
Received Import Request.
  Time since last request: 0.217143 seconds.
  path: Assets/04.Images/YughuesFreeMetalMaterials/Materials/Textures/T_14_Specular.tga
  artifactKey: Guid(035c1683361e0bd48b03f41544efc189) Importer(815301076,1909f56bfc062723c751e8b465ee728b)
Start importing Assets/04.Images/YughuesFreeMetalMaterials/Materials/Textures/T_14_Specular.tga using Guid(035c1683361e0bd48b03f41544efc189) Importer(815301076,1909f56bfc062723c751e8b465ee728b)  -> (artifact id: '005d66d24177aefed3492b3de80f1599') in 0.016198 seconds
Number of updated asset objects reloaded before import = 0
Number of asset objects unloaded after import = 2
========================================================================
Received Import Request.
  Time since last request: 0.005592 seconds.
  path: Assets/04.Images/YughuesFreeMetalMaterials/Materials/Textures/T_15_Specular.tga
  artifactKey: Guid(ac2f27c4fb9eb8640bf13f478c6b89ee) Importer(815301076,1909f56bfc062723c751e8b465ee728b)
Start importing Assets/04.Images/YughuesFreeMetalMaterials/Materials/Textures/T_15_Specular.tga using Guid(ac2f27c4fb9eb8640bf13f478c6b89ee) Importer(815301076,1909f56bfc062723c751e8b465ee728b)  -> (artifact id: 'fe1b1b3861873852609ffc952e70a60f') in 0.015851 seconds
Number of updated asset objects reloaded before import = 0
Number of asset objects unloaded after import = 2
========================================================================
Received Import Request.
  Time since last request: 0.000013 seconds.
  path: Assets/04.Images/YughuesFreeMetalMaterials/Materials/Textures/T_17_Diffuse.tga
  artifactKey: Guid(f6061b0c042df0b40978226fa22c5697) Importer(815301076,1909f56bfc062723c751e8b465ee728b)
Start importing Assets/04.Images/YughuesFreeMetalMaterials/Materials/Textures/T_17_Diffuse.tga using Guid(f6061b0c042df0b40978226fa22c5697) Importer(815301076,1909f56bfc062723c751e8b465ee728b)  -> (artifact id: '434907db9b87bdf0a43abd5e60877cad') in 0.016074 seconds
Number of updated asset objects reloaded before import = 0
Number of asset objects unloaded after import = 2
========================================================================
Received Import Request.
  Time since last request: 0.208650 seconds.
  path: Assets/04.Images/YughuesFreeMetalMaterials/Materials/Textures/T_17_Normal.tga
  artifactKey: Guid(2fdef62fbe345cc4daad91030f54a2d9) Importer(815301076,1909f56bfc062723c751e8b465ee728b)
Start importing Assets/04.Images/YughuesFreeMetalMaterials/Materials/Textures/T_17_Normal.tga using Guid(2fdef62fbe345cc4daad91030f54a2d9) Importer(815301076,1909f56bfc062723c751e8b465ee728b)  -> (artifact id: '66859837337d91e234673c187d4ebca9') in 0.026079 seconds
Number of updated asset objects reloaded before import = 0
Number of asset objects unloaded after import = 2
========================================================================
Received Import Request.
  Time since last request: 0.002285 seconds.
  path: Assets/04.Images/YughuesFreeMetalMaterials/Materials/Textures/T_18_Normal.tga
  artifactKey: Guid(c902dc60be5856949909aacd8d22ccea) Importer(815301076,1909f56bfc062723c751e8b465ee728b)
Start importing Assets/04.Images/YughuesFreeMetalMaterials/Materials/Textures/T_18_Normal.tga using Guid(c902dc60be5856949909aacd8d22ccea) Importer(815301076,1909f56bfc062723c751e8b465ee728b)  -> (artifact id: '21b4687011cefa560a6c8e5d18ae0370') in 0.015069 seconds
Number of updated asset objects reloaded before import = 0
Number of asset objects unloaded after import = 2
========================================================================
Received Import Request.
  Time since last request: 0.231636 seconds.
  path: Assets/04.Images/YughuesFreeMetalMaterials/Materials/Textures/T_19_Normal.tga
  artifactKey: Guid(22687ef8e4927174589eb342f9d40cd0) Importer(815301076,1909f56bfc062723c751e8b465ee728b)
Start importing Assets/04.Images/YughuesFreeMetalMaterials/Materials/Textures/T_19_Normal.tga using Guid(22687ef8e4927174589eb342f9d40cd0) Importer(815301076,1909f56bfc062723c751e8b465ee728b)  -> (artifact id: 'd7dd3065704c192b036ae396f53ab21b') in 0.016180 seconds
Number of updated asset objects reloaded before import = 0
Number of asset objects unloaded after import = 2
========================================================================
Received Import Request.
  Time since last request: 0.015631 seconds.
  path: Assets/04.Images/YughuesFreeMetalMaterials/Materials/Textures/T_20_Normal.tga
  artifactKey: Guid(0bbf8e810623a7147b33e57b1b821b00) Importer(815301076,1909f56bfc062723c751e8b465ee728b)
Start importing Assets/04.Images/YughuesFreeMetalMaterials/Materials/Textures/T_20_Normal.tga using Guid(0bbf8e810623a7147b33e57b1b821b00) Importer(815301076,1909f56bfc062723c751e8b465ee728b)  -> (artifact id: 'd20fd40b56b5811c840fdffe011218a1') in 0.015280 seconds
Number of updated asset objects reloaded before import = 0
Number of asset objects unloaded after import = 2
========================================================================
Received Import Request.
  Time since last request: 0.000013 seconds.
  path: Assets/04.Images/YughuesFreeMetalMaterials/Materials/Textures/T_22_Normal.tga
  artifactKey: Guid(7bf14af4662458044a096632566cf50a) Importer(815301076,1909f56bfc062723c751e8b465ee728b)
Start importing Assets/04.Images/YughuesFreeMetalMaterials/Materials/Textures/T_22_Normal.tga using Guid(7bf14af4662458044a096632566cf50a) Importer(815301076,1909f56bfc062723c751e8b465ee728b)  -> (artifact id: 'd6b0eff01351c18a111dcc2f809bc8ee') in 0.025001 seconds
Number of updated asset objects reloaded before import = 0
Number of asset objects unloaded after import = 2
========================================================================
Received Import Request.
  Time since last request: 0.000013 seconds.
  path: Assets/04.Images/YughuesFreeMetalMaterials/Materials/Textures/T_23_Specular.tga
  artifactKey: Guid(ca94c84d71c5f1444a24b94522d26e9e) Importer(815301076,1909f56bfc062723c751e8b465ee728b)
Start importing Assets/04.Images/YughuesFreeMetalMaterials/Materials/Textures/T_23_Specular.tga using Guid(ca94c84d71c5f1444a24b94522d26e9e) Importer(815301076,1909f56bfc062723c751e8b465ee728b)  -> (artifact id: '4e81b25675a168a03f62187193364657') in 0.015088 seconds
Number of updated asset objects reloaded before import = 0
Number of asset objects unloaded after import = 2
========================================================================
Received Import Request.
  Time since last request: 0.188856 seconds.
  path: Assets/04.Images/YughuesFreeMetalMaterials/Materials/Textures/T_24_Normal.tga
  artifactKey: Guid(33416e1c35bc9b148a8bf942e484c86e) Importer(815301076,1909f56bfc062723c751e8b465ee728b)
Start importing Assets/04.Images/YughuesFreeMetalMaterials/Materials/Textures/T_24_Normal.tga using Guid(33416e1c35bc9b148a8bf942e484c86e) Importer(815301076,1909f56bfc062723c751e8b465ee728b)  -> (artifact id: 'ba43ecacb8b6ec06c0091bae792be1bd') in 0.016301 seconds
Number of updated asset objects reloaded before import = 0
Number of asset objects unloaded after import = 2
========================================================================
Received Import Request.
  Time since last request: 0.000610 seconds.
  path: Assets/04.Images/YughuesFreeMetalMaterials/Materials/Textures/T_25_Normal.tga
  artifactKey: Guid(18fcf7bf1b94dd3459a6ea26b304428e) Importer(815301076,1909f56bfc062723c751e8b465ee728b)
Start importing Assets/04.Images/YughuesFreeMetalMaterials/Materials/Textures/T_25_Normal.tga using Guid(18fcf7bf1b94dd3459a6ea26b304428e) Importer(815301076,1909f56bfc062723c751e8b465ee728b)  -> (artifact id: 'd8b21a9ef977dca177fa57c10dea3980') in 0.015370 seconds
Number of updated asset objects reloaded before import = 0
Number of asset objects unloaded after import = 2
========================================================================
Received Import Request.
  Time since last request: 0.000675 seconds.
  path: Assets/04.Images/YughuesFreeMetalMaterials/Materials/Textures/T_26_Normal.tga
  artifactKey: Guid(a5a6e3521459fc94e9bd621c71bd96af) Importer(815301076,1909f56bfc062723c751e8b465ee728b)
Start importing Assets/04.Images/YughuesFreeMetalMaterials/Materials/Textures/T_26_Normal.tga using Guid(a5a6e3521459fc94e9bd621c71bd96af) Importer(815301076,1909f56bfc062723c751e8b465ee728b)  -> (artifact id: 'aca13ecf139f5e7937fd2c9d0f3b6b0a') in 0.015005 seconds
Number of updated asset objects reloaded before import = 0
Number of asset objects unloaded after import = 2
========================================================================
Received Import Request.
  Time since last request: 0.202881 seconds.
  path: Assets/04.Images/YughuesFreeMetalMaterials/Materials/Textures/T_27_Normal.tga
  artifactKey: Guid(32f6012cc48ae0b4899021bb4a03a8da) Importer(815301076,1909f56bfc062723c751e8b465ee728b)
Start importing Assets/04.Images/YughuesFreeMetalMaterials/Materials/Textures/T_27_Normal.tga using Guid(32f6012cc48ae0b4899021bb4a03a8da) Importer(815301076,1909f56bfc062723c751e8b465ee728b)  -> (artifact id: '725638447478784742524d25762bba5c') in 0.016396 seconds
Number of updated asset objects reloaded before import = 0
Number of asset objects unloaded after import = 2
========================================================================
Received Import Request.
  Time since last request: 0.000015 seconds.
  path: Assets/04.Images/YughuesFreeMetalMaterials/Materials/Textures/T_28_Specular.tga
  artifactKey: Guid(d86c80ae03435124fbf96fd0e9882016) Importer(815301076,1909f56bfc062723c751e8b465ee728b)
Start importing Assets/04.Images/YughuesFreeMetalMaterials/Materials/Textures/T_28_Specular.tga using Guid(d86c80ae03435124fbf96fd0e9882016) Importer(815301076,1909f56bfc062723c751e8b465ee728b)  -> (artifact id: 'afe5ffd18abb19a78b8a76bb46520d61') in 0.014073 seconds
Number of updated asset objects reloaded before import = 0
Number of asset objects unloaded after import = 2
========================================================================
Received Import Request.
  Time since last request: 0.011395 seconds.
  path: Assets/04.Images/YughuesFreeMetalMaterials/Materials/Textures/T_29_Normal.tga
  artifactKey: Guid(b0a7501717f3514478fad8bb7bae311c) Importer(815301076,1909f56bfc062723c751e8b465ee728b)
Start importing Assets/04.Images/YughuesFreeMetalMaterials/Materials/Textures/T_29_Normal.tga using Guid(b0a7501717f3514478fad8bb7bae311c) Importer(815301076,1909f56bfc062723c751e8b465ee728b)  -> (artifact id: 'b9afcc6ebb3ffe44134541a9e48c2ab7') in 0.015620 seconds
Number of updated asset objects reloaded before import = 0
Number of asset objects unloaded after import = 2
Editor requested this worker to shutdown with reason: Scaling down because of idle timeout
TcpMessagingSession - receive error: operation aborted. errorcode: 995, details: 스레드 종료 또는 응용 프로그램 요청 때문에 I/O 작업이 취소되었습니다.
AssetImportWorker is now disconnected from the server
Process exiting
Exiting without the bug reporter. Application will terminate with return code 0